<?xml version="1.0" encoding="utf-8"?><testsuites name="pytest tests"><testsuite name="pytest" errors="0" failures="0" skipped="0" tests="21" time="1.988" timestamp="2026-05-05T23:32:07.183789+00:00" hostname="agent-env-644939d2-bb7e-4e4a-99a3-5e2bcca0bd1d"><testcase classname="backend.tests.test_graphify_doctrine.TestGraphifyStatus" name="test_status_shape" time="0.263" /><testcase classname="backend.tests.test_graphify_doctrine.TestGraphifyRegraph" name="test_regraph_completes" time="0.336" /><testcase classname="backend.tests.test_graphify_doctrine.TestGraphifyRegraph" name="test_status_fresh_after_regraph" time="0.067" /><testcase classname="backend.tests.test_graphify_doctrine.TestDoctrine" name="test_doctrine_payload" time="0.065" /><testcase classname="backend.tests.test_graphify_doctrine.TestNodeIdentity" name="test_identity_payload" time="0.079" /><testcase classname="backend.tests.test_graphify_doctrine.TestLedgerWebhooks" name="test_stripe_is_dead_410" time="0.072" /><testcase classname="backend.tests.test_graphify_doctrine.TestLedgerWebhooks" name="test_paypal_unknown_source_400" time="0.062" /><testcase classname="backend.tests.test_graphify_doctrine.TestLedgerWebhooks" name="test_square_webhook_cents_works" time="0.072" /><testcase classname="backend.tests.test_graphify_doctrine.TestDoctrineSweep" name="test_endpoint_clean[/providers]" time="0.066" /><testcase classname="backend.tests.test_graphify_doctrine.TestDoctrineSweep" name="test_endpoint_clean[/tasks/agents]" time="0.079" /><testcase classname="backend.tests.test_graphify_doctrine.TestDoctrineSweep" name="test_endpoint_clean[/ledger/stats]" time="0.068" /><testcase classname="backend.tests.test_graphify_doctrine.TestDoctrineSweep" name="test_endpoint_clean[/dao/stats]" time="0.063" /><testcase classname="backend.tests.test_graphify_doctrine.TestDoctrineSweep" name="test_endpoint_clean[/system/status]" time="0.060" /><testcase classname="backend.tests.test_graphify_doctrine.TestDoctrineSweep" name="test_endpoint_clean[/mission/metrics]" time="0.060" /><testcase classname="backend.tests.test_graphify_doctrine.TestDoctrineSweep" name="test_endpoint_clean[/agents]" time="0.068" /><testcase classname="backend.tests.test_graphify_doctrine.TestDoctrineSweep" name="test_endpoint_clean[/node/identity]" time="0.058" /><testcase classname="backend.tests.test_graphify_doctrine.TestDoctrineSweep" name="test_doctrine_endpoint_only_in_allowed_locations" time="0.082" /><testcase classname="backend.tests.test_graphify_doctrine.TestRegression" name="test_providers_13" time="0.068" /><testcase classname="backend.tests.test_graphify_doctrine.TestRegression" name="test_tasks_stats" time="0.074" /><testcase classname="backend.tests.test_graphify_doctrine.TestRegression" name="test_ledger_stats" time="0.062" /><testcase classname="backend.tests.test_graphify_doctrine.TestRegression" name="test_watchdog_status" time="0.064" /></testsuite></testsuites>