<?xml version="1.0" encoding="utf-8"?><testsuites name="pytest tests"><testsuite name="pytest" errors="0" failures="0" skipped="0" tests="19" time="14.702" timestamp="2026-06-02T18:53:22.116244+00:00" hostname="agent-env-644939d2-bb7e-4e4a-99a3-5e2bcca0bd1d"><testcase classname="backend.tests.test_iter10_security_autosplit.TestSecurityPosture" name="test_posture_shape_and_channels" time="0.214" /><testcase classname="backend.tests.test_iter10_security_autosplit.TestSecurityPosture" name="test_manus_wired_hermes_and_openclaw_not" time="0.145" /><testcase classname="backend.tests.test_iter10_security_autosplit.TestSecurityPosture" name="test_posture_grade_and_score_format" time="0.137" /><testcase classname="backend.tests.test_iter10_security_autosplit.TestLedgerWebhooks" name="test_buymeacoffee_autosplit" time="0.671" /><testcase classname="backend.tests.test_iter10_security_autosplit.TestLedgerWebhooks" name="test_github_sponsors_autosplit" time="0.763" /><testcase classname="backend.tests.test_iter10_security_autosplit.TestLedgerWebhooks" name="test_new_sources_accepted[kofi]" time="0.647" /><testcase classname="backend.tests.test_iter10_security_autosplit.TestLedgerWebhooks" name="test_new_sources_accepted[patreon]" time="0.719" /><testcase classname="backend.tests.test_iter10_security_autosplit.TestLedgerWebhooks" name="test_new_sources_accepted[gospel]" time="0.626" /><testcase classname="backend.tests.test_iter10_security_autosplit.TestLedgerWebhooks" name="test_unknown_source_rejected" time="0.116" /><testcase classname="backend.tests.test_iter10_security_autosplit.TestRegression" name="test_hermes_healthz" time="0.116" /><testcase classname="backend.tests.test_iter10_security_autosplit.TestRegression" name="test_public_products" time="0.129" /><testcase classname="backend.tests.test_iter10_security_autosplit.TestRegression" name="test_public_runway" time="0.138" /><testcase classname="backend.tests.test_iter10_security_autosplit.TestRegression" name="test_ledger_stats" time="0.121" /><testcase classname="backend.tests.test_iter10_security_autosplit.TestRegression" name="test_tasks_list" time="0.134" /><testcase classname="backend.tests.test_iter10_security_autosplit.TestRegression" name="test_providers" time="0.113" /><testcase classname="backend.tests.test_iter10_security_autosplit.TestRegression" name="test_compliance_check_admin_gated" time="0.115" /><testcase classname="backend.tests.test_iter10_security_autosplit.TestRegression" name="test_compliance_check_authenticated" time="0.174" /><testcase classname="backend.tests.test_iter10_security_autosplit.TestRegression" name="test_broadcast_telegram" time="0.810" /><testcase classname="backend.tests.test_iter10_security_autosplit.TestIPAllowlistDestructive" name="test_allowlist_blocks_then_unblocks" time="8.601" /></testsuite></testsuites>