<?xml version="1.0" encoding="utf-8"?><testsuites name="pytest tests"><testsuite name="pytest" errors="0" failures="0" skipped="0" tests="16" time="6.925" timestamp="2026-06-02T09:06:04.777521+00:00" hostname="agent-env-644939d2-bb7e-4e4a-99a3-5e2bcca0bd1d"><testcase classname="backend.tests.test_storefront_runway.TestPublicReads" name="test_products_empty_or_list_shape" time="0.247" /><testcase classname="backend.tests.test_storefront_runway.TestPublicReads" name="test_site_payload" time="0.047" /><testcase classname="backend.tests.test_storefront_runway.TestPublicReads" name="test_runway_pulse" time="0.047" /><testcase classname="backend.tests.test_storefront_runway.TestAdminGating" name="test_post_products_gated" time="0.048" /><testcase classname="backend.tests.test_storefront_runway.TestAdminGating" name="test_seed_products_gated" time="0.046" /><testcase classname="backend.tests.test_storefront_runway.TestAdminGating" name="test_delete_products_gated" time="0.047" /><testcase classname="backend.tests.test_storefront_runway.TestAdminGating" name="test_auth_status_unconfigured" time="0.047" /><testcase classname="backend.tests.test_storefront_runway.TestLedgerBroadcastHook" name="test_contribute_works_with_unconfigured_telegram" time="0.063" /><testcase classname="backend.tests.test_storefront_runway.TestLedgerBroadcastHook" name="test_square_webhook_works_with_unconfigured_telegram" time="0.048" /><testcase classname="backend.tests.test_storefront_runway" name="test_regression_get_200[/api/providers]" time="0.046" /><testcase classname="backend.tests.test_storefront_runway" name="test_regression_get_200[/api/ledger]" time="0.045" /><testcase classname="backend.tests.test_storefront_runway" name="test_regression_get_200[/api/ledger/stats]" time="0.048" /><testcase classname="backend.tests.test_storefront_runway" name="test_regression_get_200[/api/tasks]" time="0.051" /><testcase classname="backend.tests.test_storefront_runway" name="test_regression_get_200[/api/graphify/status]" time="0.054" /><testcase classname="backend.tests.test_storefront_runway" name="test_regression_get_200[/api/auth/status]" time="0.044" /><testcase classname="backend.tests.test_storefront_runway" name="test_e1_unknown_model_routes_through_gemini_flash" time="5.701" /></testsuite></testsuites>