<?xml version="1.0" encoding="utf-8"?><testsuites name="pytest tests"><testsuite name="pytest" errors="0" failures="0" skipped="0" tests="19" time="5.440" timestamp="2026-05-03T21:57:58.702314+00:00" hostname="agent-env-644939d2-bb7e-4e4a-99a3-5e2bcca0bd1d"><testcase classname="backend.tests.test_hub_and_tasks" name="test_providers_lists_twelve_platforms" time="0.156" /><testcase classname="backend.tests.test_hub_and_tasks" name="test_chat_send_hermes_fast_real_bridge" time="3.650" /><testcase classname="backend.tests.test_hub_and_tasks" name="test_chat_send_byok_missing_key_returns_503" time="0.045" /><testcase classname="backend.tests.test_hub_and_tasks" name="test_chat_send_unknown_provider" time="0.046" /><testcase classname="backend.tests.test_hub_and_tasks" name="test_broadcast_telegram_unconfigured_graceful" time="0.045" /><testcase classname="backend.tests.test_hub_and_tasks" name="test_broadcast_whatsapp_unconfigured_graceful" time="0.046" /><testcase classname="backend.tests.test_hub_and_tasks" name="test_tasks_agents_twelve" time="0.054" /><testcase classname="backend.tests.test_hub_and_tasks" name="test_create_task_then_get" time="0.099" /><testcase classname="backend.tests.test_hub_and_tasks" name="test_create_task_unknown_owner" time="0.052" /><testcase classname="backend.tests.test_hub_and_tasks" name="test_dispatch_fanout" time="0.050" /><testcase classname="backend.tests.test_hub_and_tasks" name="test_patch_task_audit" time="0.099" /><testcase classname="backend.tests.test_hub_and_tasks" name="test_filters_status_owner_bucket" time="0.138" /><testcase classname="backend.tests.test_hub_and_tasks" name="test_audit_log_newest_first" time="0.044" /><testcase classname="backend.tests.test_hub_and_tasks" name="test_stats_shape" time="0.050" /><testcase classname="backend.tests.test_hub_and_tasks" name="test_heartbeat_surfaces_in_agents" time="0.105" /><testcase classname="backend.tests.test_hub_and_tasks" name="test_heartbeat_unknown_agent" time="0.044" /><testcase classname="backend.tests.test_hub_and_tasks" name="test_delete_task_and_audit" time="0.137" /><testcase classname="backend.tests.test_hub_and_tasks" name="test_cleanup_remaining" time="0.144" /><testcase classname="backend.tests.test_hub_and_tasks" name="test_no_forbidden_strings_new_endpoints" time="0.232" /></testsuite></testsuites>