<?xml version="1.0" encoding="utf-8"?><testsuites name="pytest tests"><testsuite name="pytest" errors="0" failures="0" skipped="0" tests="15" time="26.529" timestamp="2026-05-03T22:27:27.395471+00:00" hostname="agent-env-644939d2-bb7e-4e4a-99a3-5e2bcca0bd1d"><testcase classname="backend.tests.test_ledger_and_services.TestLedger" name="test_contribute_ok" time="0.280" /><testcase classname="backend.tests.test_ledger_and_services.TestLedger" name="test_contribute_unknown_bucket" time="0.047" /><testcase classname="backend.tests.test_ledger_and_services.TestLedger" name="test_webhook_square_cents_conversion" time="0.097" /><testcase classname="backend.tests.test_ledger_and_services.TestLedger" name="test_webhook_unknown_source" time="0.047" /><testcase classname="backend.tests.test_ledger_and_services.TestLedger" name="test_webhook_no_amount" time="0.049" /><testcase classname="backend.tests.test_ledger_and_services.TestLedger" name="test_list_filters" time="0.102" /><testcase classname="backend.tests.test_ledger_and_services.TestLedger" name="test_stats_shape" time="0.053" /><testcase classname="backend.tests.test_ledger_and_services.TestLedger" name="test_delete_entry" time="0.142" /><testcase classname="backend.tests.test_ledger_and_services.TestWatchdog" name="test_watchdog_status_shape" time="0.049" /><testcase classname="backend.tests.test_ledger_and_services.TestWatchdog" name="test_watchdog_recent_heartbeats" time="0.054" /><testcase classname="backend.tests.test_ledger_and_services.TestWatchdog" name="test_watchdog_alert_path" time="0.051" /><testcase classname="backend.tests.test_ledger_and_services.TestImages" name="test_generate_image" time="25.162" /><testcase classname="backend.tests.test_ledger_and_services.TestImages" name="test_list_images_strips_data_uri" time="0.053" /><testcase classname="backend.tests.test_ledger_and_services.TestDoctrine" name="test_no_forbidden_words_in_endpoints" time="0.143" /><testcase classname="backend.tests.test_ledger_and_services.TestDoctrine" name="test_providers_doctrine" time="0.050" /></testsuite></testsuites>