<?xml version="1.0" encoding="utf-8"?><testsuites name="pytest tests"><testsuite name="pytest" errors="0" failures="0" skipped="0" tests="11" time="3.067" timestamp="2026-05-01T00:57:45.019587+00:00" hostname="agent-env-644939d2-bb7e-4e4a-99a3-5e2bcca0bd1d"><testcase classname="backend.tests.test_mission_control" name="test_root_identity" time="0.127" /><testcase classname="backend.tests.test_mission_control" name="test_hermes_healthz" time="0.052" /><testcase classname="backend.tests.test_mission_control" name="test_hermes_chat_completions_fast" time="1.997" /><testcase classname="backend.tests.test_mission_control" name="test_hermes_chat_completions_unknown_model" time="0.052" /><testcase classname="backend.tests.test_mission_control" name="test_paperclip_health" time="0.051" /><testcase classname="backend.tests.test_mission_control" name="test_agents_six_no_haiku" time="0.050" /><testcase classname="backend.tests.test_mission_control" name="test_system_status_six_services" time="0.049" /><testcase classname="backend.tests.test_mission_control" name="test_dao_stats_shape" time="0.048" /><testcase classname="backend.tests.test_mission_control" name="test_mission_metrics_tag" time="0.052" /><testcase classname="backend.tests.test_mission_control" name="test_git_status_no_truncation" time="0.070" /><testcase classname="backend.tests.test_mission_control" name="test_no_forbidden_strings_across_endpoints" time="0.459" /></testsuite></testsuites>